  Performing Custom Build Tools
          1 file(s) copied.
  Building and assembling rdrand.asm
   Assembling: C:\Users\Anthony\Desktop\CryptoPP\rdrand.asm
  pch.cpp
  3way.cpp
  adler32.cpp
  algebra.cpp
  algparam.cpp
  arc4.cpp
  asn.cpp
  authenc.cpp
  base32.cpp
  base64.cpp
  basecode.cpp
  bfinit.cpp
  blowfish.cpp
  blumshub.cpp
  camellia.cpp
  cast.cpp
  casts.cpp
  cbcmac.cpp
  ccm.cpp
  channels.cpp
  cmac.cpp
  Compiling...
  cpu.cpp
  crc.cpp
  cryptlib.cpp
  default.cpp
  des.cpp
  dessp.cpp
  dh.cpp
  dh2.cpp
  dsa.cpp
  eax.cpp
  ec2n.cpp
  ecp.cpp
  elgamal.cpp
  emsa2.cpp
  esign.cpp
  files.cpp
  filters.cpp
  fips140.cpp
  fipstest.cpp
  gcm.cpp
  Compiling...
  gf256.cpp
  gf2n.cpp
  gf2_32.cpp
  gfpcrypt.cpp
  gost.cpp
  gzip.cpp
  hex.cpp
  hmac.cpp
  hrtimer.cpp
  ida.cpp
  idea.cpp
  integer.cpp
  luc.cpp
  mars.cpp
  marss.cpp
  md2.cpp
  md4.cpp
  md5.cpp
  misc.cpp
  modes.cpp
  Compiling...
  mqueue.cpp
  mqv.cpp
  nbtheory.cpp
  network.cpp
c:\users\anthony\desktop\cryptopp\wait.h(141): warning C4589: Constructor of abstract class 'CryptoPP::WaitObjectsTracer' ignores initializer for virtual base class 'CryptoPP::Tracer'
  c:\users\anthony\desktop\cryptopp\wait.h(141): note: virtual base classes are only initialized by the most-derived type
  oaep.cpp
  osrng.cpp
  panama.cpp
  pkcspad.cpp
  polynomi.cpp
  pssr.cpp
  pubkey.cpp
  queue.cpp
  rabin.cpp
  randpool.cpp
  rc2.cpp
  rc5.cpp
  rc6.cpp
  rdrand.cpp
  rdtables.cpp
  rijndael.cpp
  Compiling...
  ripemd.cpp
  rng.cpp
  rsa.cpp
  rw.cpp
  safer.cpp
  salsa.cpp
  seal.cpp
  seed.cpp
  serpent.cpp
  sha.cpp
  sha3.cpp
  shacal2.cpp
  shark.cpp
  sharkbox.cpp
  simple.cpp
  skipjack.cpp
  socketft.cpp
c:\users\anthony\desktop\cryptopp\wait.h(141): warning C4589: Constructor of abstract class 'CryptoPP::WaitObjectsTracer' ignores initializer for virtual base class 'CryptoPP::Tracer'
  c:\users\anthony\desktop\cryptopp\wait.h(141): note: virtual base classes are only initialized by the most-derived type
  sosemanuk.cpp
  square.cpp
  squaretb.cpp
  Compiling...
  strciphr.cpp
  tea.cpp
  tftables.cpp
  tiger.cpp
  tigertab.cpp
  trdlocal.cpp
  ttmac.cpp
  twofish.cpp
  vmac.cpp
  wait.cpp
c:\users\anthony\desktop\cryptopp\wait.h(141): warning C4589: Constructor of abstract class 'CryptoPP::WaitObjectsTracer' ignores initializer for virtual base class 'CryptoPP::Tracer'
  c:\users\anthony\desktop\cryptopp\wait.h(141): note: virtual base classes are only initialized by the most-derived type
  wake.cpp
  whrlpool.cpp
  winpipes.cpp
c:\users\anthony\desktop\cryptopp\wait.h(141): warning C4589: Constructor of abstract class 'CryptoPP::WaitObjectsTracer' ignores initializer for virtual base class 'CryptoPP::Tracer'
  c:\users\anthony\desktop\cryptopp\wait.h(141): note: virtual base classes are only initialized by the most-derived type
  xtr.cpp
  xtrcrypt.cpp
  zdeflate.cpp
  zinflate.cpp
  zlib.cpp
  dll.cpp
  iterhash.cpp
  cryptlib.vcxproj -> C:\Users\Anthony\Desktop\CryptoPP\Win32\Output\Release\cryptlib.lib
